13:44:56 **** Rebuild of configuration Debug for project sasa ****
Info: Internal Builder is used for build
gcc -O0 -g3 -Wall -c -fmessage-length=0 -o "src\\Fecha.o" "..\\src\\Fecha.c" 
gcc -O0 -g3 -Wall -c -fmessage-length=0 -o "src\\Menu.o" "..\\src\\Menu.c" 
gcc -O0 -g3 -Wall -c -fmessage-length=0 -o "src\\Tipo.o" "..\\src\\Tipo.c" 
gcc -O0 -g3 -Wall -c -fmessage-length=0 -o "src\\Trabajo.o" "..\\src\\Trabajo.c" 
gcc -O0 -g3 -Wall -c -fmessage-length=0 -o "src\\Validaciones.o" "..\\src\\Validaciones.c" 
gcc -O0 -g3 -Wall -c -fmessage-length=0 -o "src\\Marca.o" "..\\src\\Marca.c" 
gcc -O0 -g3 -Wall -c -fmessage-length=0 -o "src\\Servicio.o" "..\\src\\Servicio.c" 
gcc -O0 -g3 -Wall -c -fmessage-length=0 -o "src\\sasa.o" "..\\src\\sasa.c" 
gcc -O0 -g3 -Wall -c -fmessage-length=0 -o "src\\Notebook.o" "..\\src\\Notebook.c" 
gcc -o sasa.exe "src\\Fecha.o" "src\\Marca.o" "src\\Menu.o" "src\\Notebook.o" "src\\Servicio.o" "src\\Tipo.o" "src\\Trabajo.o" "src\\Validaciones.o" "src\\sasa.o" 
Info: Nothing to build for sasa
Info: Nothing to build for sasa
16:50:34 **** Incremental Build of configuration Debug for project sasa ****
Info: Internal Builder is used for build
gcc -O0 -g3 -Wall -c -fmessage-length=0 -o "src\\Menu.o" "..\\src\\Menu.c" 
gcc -O0 -g3 -Wall -c -fmessage-length=0 -o "src\\Cliente.o" "..\\src\\Cliente.c" 
gcc -O0 -g3 -Wall -c -fmessage-length=0 -o "src\\sasa.o" "..\\src\\sasa.c" 
gcc -O0 -g3 -Wall -c -fmessage-length=0 -o "src\\Servicio.o" "..\\src\\Servicio.c" 
gcc -O0 -g3 -Wall -c -fmessage-length=0 -o "src\\Tipo.o" "..\\src\\Tipo.c" 
gcc -O0 -g3 -Wall -c -fmessage-length=0 -o "src\\Trabajo.o" "..\\src\\Trabajo.c" 
gcc -O0 -g3 -Wall -c -fmessage-length=0 -o "src\\Fecha.o" "..\\src\\Fecha.c" 
gcc -O0 -g3 -Wall -c -fmessage-length=0 -o "src\\Validaciones.o" "..\\src\\Validaciones.c" 
gcc -o sasa.exe "src\\Cliente.o" "src\\Fecha.o" "src\\Marca.o" "src\\Menu.o" "src\\Notebook.o" "src\\Servicio.o" "src\\Tipo.o" "src\\Trabajo.o" "src\\Validaciones.o" "src\\sasa.o" 
c:/mingw/bin/../lib/gcc/mingw32/9.2.0/../../../../mingw32/bin/ld.exe: src\Menu.o: in function `menu':
C:\Users\JUNMI\Desktop\sisisi\sasa\Debug/../src/Menu.c:15: multiple definition of `menu'; src\Cliente.o:C:\Users\JUNMI\Desktop\sisisi\sasa\Debug/../src/Cliente.c:15: first defined here
c:/mingw/bin/../lib/gcc/mingw32/9.2.0/../../../../mingw32/bin/ld.exe: src\Menu.o: in function `confirmarSalidaMenu':
C:\Users\JUNMI\Desktop\sisisi\sasa\Debug/../src/Menu.c:54: multiple definition of `confirmarSalidaMenu'; src\Cliente.o:C:\Users\JUNMI\Desktop\sisisi\sasa\Debug/../src/Cliente.c:54: first defined here
collect2.exe: error: ld returned 1 exit status
16:51:12 **** Incremental Build of configuration Debug for project sasa ****
Info: Internal Builder is used for build
gcc -O0 -g3 -Wall -c -fmessage-length=0 -o "src\\Cliente.o" "..\\src\\Cliente.c" 
gcc -o sasa.exe "src\\Cliente.o" "src\\Fecha.o" "src\\Marca.o" "src\\Menu.o" "src\\Notebook.o" "src\\Servicio.o" "src\\Tipo.o" "src\\Trabajo.o" "src\\Validaciones.o" "src\\sasa.o" 
Info: Nothing to build for sasa
Info: Nothing to build for sasa
